[debug] [2017-09-14T19:04:07.598Z] ----------------------------------------------------------------------
[debug] [2017-09-14T19:04:07.614Z] Command:       C:\Program Files\nodejs\node.exe C:\Users\Gsm\AppData\Roaming\npm\node_modules\firebase-tools\bin\firebase serve
[debug] [2017-09-14T19:04:07.614Z] CLI Version:   3.10.1
[debug] [2017-09-14T19:04:07.614Z] Platform:      win32
[debug] [2017-09-14T19:04:07.614Z] Node Version:  v6.11.3
[debug] [2017-09-14T19:04:07.614Z] Time:          Thu Sep 14 2017 14:04:07 GMT-0500 (Hora de verano central (México))
[debug] [2017-09-14T19:04:07.614Z] ----------------------------------------------------------------------
[debug] 
[debug] [2017-09-14T19:04:07.629Z] > command requires scopes: ["email","openid","https://www.googleapis.com/auth/cloudplatformprojects.readonly","https://www.googleapis.com/auth/firebase","https://www.googleapis.com/auth/cloud-platform"]
[debug] [2017-09-14T19:04:07.629Z] > authorizing via signed-in user
[debug] [2017-09-14T19:04:07.629Z] >>> HTTP REQUEST GET https://admin.firebase.com/v1/projects/siadri-99b02  
 Thu Sep 14 2017 14:04:07 GMT-0500 (Hora de verano central (México))
[debug] [2017-09-14T19:04:08.600Z] <<< HTTP RESPONSE 200
[debug] [2017-09-14T19:04:08.600Z] >>> HTTP REQUEST GET https://admin.firebase.com/v1/database/siadri-99b02/tokens  
 Thu Sep 14 2017 14:04:08 GMT-0500 (Hora de verano central (México))
[debug] [2017-09-14T19:04:09.319Z] <<< HTTP RESPONSE 200
[info] 
[info] === Serving from 'C:\Users\Gsm\Desktop\repositorioSiadri\siadri-web\angular\siadri'...
[info] 
[debug] [2017-09-14T19:04:09.319Z] >>> HTTP REQUEST GET https://cloudresourcemanager.googleapis.com/v1/projects/siadri-99b02  
 Thu Sep 14 2017 14:04:09 GMT-0500 (Hora de verano central (México))
[debug] [2017-09-14T19:04:10.241Z] <<< HTTP RESPONSE 200
[debug] [2017-09-14T19:04:10.241Z] >>> HTTP REQUEST GET https://mobilesdk-pa.googleapis.com/v1/projects/338005619047/clients/_:getWebAppConfig  
 Thu Sep 14 2017 14:04:10 GMT-0500 (Hora de verano central (México))
[debug] [2017-09-14T19:04:11.194Z] <<< HTTP RESPONSE 200
[info] i  hosting: Serving hosting files from: public
[info] +  hosting: Local server: http://localhost:5000

[debug] [2017-09-14T19:05:51.257Z] ----------------------------------------------------------------------
[debug] [2017-09-14T19:05:51.257Z] Command:       C:\Program Files\nodejs\node.exe C:\Users\Gsm\AppData\Roaming\npm\node_modules\firebase-tools\bin\firebase serve
[debug] [2017-09-14T19:05:51.257Z] CLI Version:   3.10.1
[debug] [2017-09-14T19:05:51.257Z] Platform:      win32
[debug] [2017-09-14T19:05:51.257Z] Node Version:  v6.11.3
[debug] [2017-09-14T19:05:51.257Z] Time:          Thu Sep 14 2017 14:05:51 GMT-0500 (Hora de verano central (México))
[debug] [2017-09-14T19:05:51.257Z] ----------------------------------------------------------------------
[debug] 
[debug] [2017-09-14T19:05:51.288Z] > command requires scopes: ["email","openid","https://www.googleapis.com/auth/cloudplatformprojects.readonly","https://www.googleapis.com/auth/firebase","https://www.googleapis.com/auth/cloud-platform"]
[debug] [2017-09-14T19:05:51.288Z] > authorizing via signed-in user
[debug] [2017-09-14T19:05:51.288Z] >>> HTTP REQUEST GET https://admin.firebase.com/v1/projects/siadri-99b02  
 Thu Sep 14 2017 14:05:51 GMT-0500 (Hora de verano central (México))
[debug] [2017-09-14T19:05:52.116Z] <<< HTTP RESPONSE 200
[debug] [2017-09-14T19:05:52.116Z] >>> HTTP REQUEST GET https://admin.firebase.com/v1/database/siadri-99b02/tokens  
 Thu Sep 14 2017 14:05:52 GMT-0500 (Hora de verano central (México))
[debug] [2017-09-14T19:05:52.980Z] <<< HTTP RESPONSE 200
[info] 
[info] === Serving from 'C:\Users\Gsm\Desktop\repositorioSiadri\siadri-web\angular\siadri'...
[info] 
[debug] [2017-09-14T19:05:52.980Z] >>> HTTP REQUEST GET https://cloudresourcemanager.googleapis.com/v1/projects/siadri-99b02  
 Thu Sep 14 2017 14:05:52 GMT-0500 (Hora de verano central (México))
[debug] [2017-09-14T19:05:53.683Z] <<< HTTP RESPONSE 200
[debug] [2017-09-14T19:05:53.683Z] >>> HTTP REQUEST GET https://mobilesdk-pa.googleapis.com/v1/projects/338005619047/clients/_:getWebAppConfig  
 Thu Sep 14 2017 14:05:53 GMT-0500 (Hora de verano central (México))
[debug] [2017-09-14T19:05:54.605Z] <<< HTTP RESPONSE 200
[info] i  hosting: Serving hosting files from: public
[info] +  hosting: Local server: http://localhost:5000

[debug] [2017-09-14T19:08:37.375Z] ----------------------------------------------------------------------
[debug] [2017-09-14T19:08:37.375Z] Command:       C:\Program Files\nodejs\node.exe C:\Users\Gsm\AppData\Roaming\npm\node_modules\firebase-tools\bin\firebase serve
[debug] [2017-09-14T19:08:37.375Z] CLI Version:   3.10.1
[debug] [2017-09-14T19:08:37.375Z] Platform:      win32
[debug] [2017-09-14T19:08:37.375Z] Node Version:  v6.11.3
[debug] [2017-09-14T19:08:37.375Z] Time:          Thu Sep 14 2017 14:08:37 GMT-0500 (Hora de verano central (México))
[debug] [2017-09-14T19:08:37.375Z] ----------------------------------------------------------------------
[debug] 
[debug] [2017-09-14T19:08:37.406Z] > command requires scopes: ["email","openid","https://www.googleapis.com/auth/cloudplatformprojects.readonly","https://www.googleapis.com/auth/firebase","https://www.googleapis.com/auth/cloud-platform"]
[debug] [2017-09-14T19:08:37.406Z] > authorizing via signed-in user
[debug] [2017-09-14T19:08:37.406Z] >>> HTTP REQUEST GET https://admin.firebase.com/v1/projects/siadri-99b02  
 Thu Sep 14 2017 14:08:37 GMT-0500 (Hora de verano central (México))
[debug] [2017-09-14T19:08:38.344Z] <<< HTTP RESPONSE 200
[debug] [2017-09-14T19:08:38.344Z] >>> HTTP REQUEST GET https://admin.firebase.com/v1/database/siadri-99b02/tokens  
 Thu Sep 14 2017 14:08:38 GMT-0500 (Hora de verano central (México))
[debug] [2017-09-14T19:08:39.047Z] <<< HTTP RESPONSE 200
[info] 
[info] === Serving from 'C:\Users\Gsm\Desktop\repositorioSiadri\siadri-web\angular\siadri'...
[info] 
[debug] [2017-09-14T19:08:39.047Z] >>> HTTP REQUEST GET https://cloudresourcemanager.googleapis.com/v1/projects/siadri-99b02  
 Thu Sep 14 2017 14:08:39 GMT-0500 (Hora de verano central (México))
[debug] [2017-09-14T19:08:39.797Z] <<< HTTP RESPONSE 200
[debug] [2017-09-14T19:08:39.797Z] >>> HTTP REQUEST GET https://mobilesdk-pa.googleapis.com/v1/projects/338005619047/clients/_:getWebAppConfig  
 Thu Sep 14 2017 14:08:39 GMT-0500 (Hora de verano central (México))
[debug] [2017-09-14T19:08:40.563Z] <<< HTTP RESPONSE 200
[info] i  hosting: Serving hosting files from: dist
[info] +  hosting: Local server: http://localhost:5000

